<?xml version="1.0" encoding="UTF-8"?>
<!-- Generated by org.testng.reporters.JUnitXMLReporter -->
<testsuite ignored="1" hostname="Lenovo" failures="0" tests="2" name="Default test" time="28.656" errors="0" timestamp="2024-02-03T20:18:39 IST">
  <testcase classname="com.store.testcases.TC_CreateAccountPage" name="verifyLogin" time="10.163"/>
  <testcase classname="com.store.testcases.TC_CreateAccountPage" name="verifySignOut" time="7.308"/>
  <testcase classname="com.store.testcases.TC_CreateAccountPage" name="veriyfUserCreationAndLogin" time="0.0">
    <ignored/>
  </testcase> <!-- veriyfUserCreationAndLogin -->
</testsuite> <!-- Default test -->
