<?xml version="1.0" encoding="UTF-8"?>
<!-- Generated by org.testng.reporters.JUnitXMLReporter -->
<testsuite ignored="0" hostname="Lenovo" failures="0" tests="5" name="Test" time="125.949" errors="0" timestamp="2024-02-03T20:25:54 IST">
  <testcase classname="com.store.testcases.TC_CreateAccountPage" name="veriyfUserCreationAndLogin" time="25.968"/>
  <testcase classname="com.store.testcases.TC_CreateAccountPage" name="verifyLogin" time="10.766"/>
  <testcase classname="com.store.testcases.TC_CreateAccountPage" name="verifySignOut" time="8.561"/>
  <testcase classname="com.store.testcases.TC_ProductPage" name="verifySearchProduct" time="11.876"/>
  <testcase classname="com.store.testcases.TC_ProductPage" name="verifyBuyProduct" time="45.905"/>
</testsuite> <!-- Test -->
