<?xml version="1.0" encoding="UTF-8"?>
<testng-results ignored="0" total="5" passed="5" failed="0" skipped="0">
  <reporter-output>
  </reporter-output>
  <suite started-at="2024-02-03T20:23:47 IST" name="Suite" finished-at="2024-02-03T20:25:53 IST" duration-ms="125949">
    <groups>
    </groups>
    <test started-at="2024-02-03T20:23:47 IST" name="Test" finished-at="2024-02-03T20:25:53 IST" duration-ms="125949">
      <class name="com.store.testcases.TC_CreateAccountPage">
        <test-method is-config="true" signature="launchBrowser()[pri:0, instance:com.store.testcases.TC_CreateAccountPage@15043a2f]" started-at="2024-02-03T20:23:48 IST" name="launchBrowser" finished-at="2024-02-03T20:23:59 IST" duration-ms="10991" status="PASS">
          <reporter-output>
          </reporter-output>
        </test-method> <!-- launchBrowser -->
        <test-method signature="veriyfUserCreationAndLogin()[pri:1, instance:com.store.testcases.TC_CreateAccountPage@15043a2f]" started-at="2024-02-03T20:23:59 IST" name="veriyfUserCreationAndLogin" finished-at="2024-02-03T20:24:25 IST" duration-ms="25968" status="PASS">
          <reporter-output>
          </reporter-output>
        </test-method> <!-- veriyfUserCreationAndLogin -->
        <test-method signature="verifyLogin()[pri:10, instance:com.store.testcases.TC_CreateAccountPage@15043a2f]" started-at="2024-02-03T20:24:25 IST" name="verifyLogin" finished-at="2024-02-03T20:24:35 IST" duration-ms="10766" status="PASS">
          <reporter-output>
          </reporter-output>
        </test-method> <!-- verifyLogin -->
        <test-method signature="verifySignOut()[pri:30, instance:com.store.testcases.TC_CreateAccountPage@15043a2f]" started-at="2024-02-03T20:24:35 IST" name="verifySignOut" finished-at="2024-02-03T20:24:44 IST" duration-ms="8561" status="PASS">
          <reporter-output>
          </reporter-output>
        </test-method> <!-- verifySignOut -->
        <test-method is-config="true" signature="closeBrowser()[pri:0, instance:com.store.testcases.TC_CreateAccountPage@15043a2f]" started-at="2024-02-03T20:24:44 IST" name="closeBrowser" finished-at="2024-02-03T20:24:44 IST" duration-ms="346" status="PASS">
          <reporter-output>
          </reporter-output>
        </test-method> <!-- closeBrowser -->
      </class> <!-- com.store.testcases.TC_CreateAccountPage -->
      <class name="com.store.testcases.TC_ProductPage">
        <test-method is-config="true" signature="launchBrowser()[pri:0, instance:com.store.testcases.TC_ProductPage@2d901eb0]" started-at="2024-02-03T20:24:44 IST" name="launchBrowser" finished-at="2024-02-03T20:24:55 IST" duration-ms="10809" status="PASS">
          <reporter-output>
          </reporter-output>
        </test-method> <!-- launchBrowser -->
        <test-method signature="verifySearchProduct()[pri:1, instance:com.store.testcases.TC_ProductPage@2d901eb0]" started-at="2024-02-03T20:24:55 IST" name="verifySearchProduct" finished-at="2024-02-03T20:25:07 IST" duration-ms="11876" status="PASS">
          <reporter-output>
          </reporter-output>
        </test-method> <!-- verifySearchProduct -->
        <test-method signature="verifyBuyProduct()[pri:10, instance:com.store.testcases.TC_ProductPage@2d901eb0]" started-at="2024-02-03T20:25:07 IST" name="verifyBuyProduct" finished-at="2024-02-03T20:25:53 IST" duration-ms="45905" status="PASS">
          <reporter-output>
          </reporter-output>
        </test-method> <!-- verifyBuyProduct -->
        <test-method is-config="true" signature="closeBrowser()[pri:0, instance:com.store.testcases.TC_ProductPage@2d901eb0]" started-at="2024-02-03T20:25:53 IST" name="closeBrowser" finished-at="2024-02-03T20:25:53 IST" duration-ms="296" status="PASS">
          <reporter-output>
          </reporter-output>
        </test-method> <!-- closeBrowser -->
      </class> <!-- com.store.testcases.TC_ProductPage -->
    </test> <!-- Test -->
  </suite> <!-- Suite -->
</testng-results>
